{"C:\\Users\\trand\\HW-31-32\\HW-31-32\\test_3_1.js": {"path":"C:\\Users\\trand\\HW-31-32\\HW-31-32\\test_3_1.js","statementMap":{"0":{"start":{"line":1,"column":23},"end":{"line":6,"column":3}},"1":{"start":{"line":3,"column":14},"end":{"line":3,"column":19}},"2":{"start":{"line":4,"column":2},"end":{"line":4,"column":42}},"3":{"start":{"line":5,"column":2},"end":{"line":5,"column":15}},"4":{"start":{"line":8,"column":3},"end":{"line":8,"column":35}}},"fnMap":{"0":{"name":"(anonymous_0)","decl":{"start":{"line":1,"column":23},"end":{"line":1,"column":24}},"loc":{"start":{"line":1,"column":33},"end":{"line":6,"column":3}},"line":1}},"branchMap":{"0":{"loc":{"start":{"line":4,"column":2},"end":{"line":4,"column":41}},"type":"cond-expr","locations":[{"start":{"line":4,"column":14},"end":{"line":4,"column":24}},{"start":{"line":4,"column":29},"end":{"line":4,"column":40}}],"line":4}},"s":{"0":1,"1":7,"2":7,"3":7,"4":1},"f":{"0":7},"b":{"0":[1,6]},"_coverageSchema":"1a1c01bbd47fc00a2c39e90264f33305004495a9","hash":"fd1db3f75131fb5fff9cd2855b54fc531fb72a21"}
}
